  0:00 ------------------------------------------------------------
  0:00 InitGame:
  1:16 J;1719429;0;[hi:)]kjuuki
  9:32 J;3574845;1;GayCup
 10:56 ExitLevel: executed
 10:56 ShutdownGame:
 10:56 ------------------------------------------------------------
  0:00 ------------------------------------------------------------
  0:00 InitGame:
 11:03 J;1719429;1;[hi:)]kjuuki
 11:04 J;3574845;0;GayCup
 23:25 ExitLevel: executed
 23:25 ShutdownGame:
 23:25 ------------------------------------------------------------
  0:00 ------------------------------------------------------------
  0:00 InitGame:
 23:32 J;1719429;1;[hi:)]kjuuki
 23:33 J;3574845;0;GayCup
 34:37 Q;3574845;0;GayCup
 36:15 J;3574845;0;GayCup
 46:40 Q;3574845;0;GayCup
 49:35 J;3574845;0;GayCup
 50:14 ExitLevel: executed
 50:14 ShutdownGame:
 50:14 ------------------------------------------------------------
  0:00 ------------------------------------------------------------
  0:00 InitGame:
 50:20 J;1719429;1;[hi:)]kjuuki
 50:21 J;3574845;0;GayCup
 50:45 Q;1719429;1;[hi:)]kjuuki
 50:47 Q;3574845;0;GayCup
 51:07 ExitLevel: executed
 51:07 ShutdownGame:
 51:07 ------------------------------------------------------------
  0:00 ------------------------------------------------------------
  0:00 InitGame:
  0:00 ------------------------------------------------------------
  0:00 InitGame:
  0:00 ------------------------------------------------------------
  0:00 InitGame:
  0:00 ------------------------------------------------------------
  0:00 InitGame:
  0:00 ------------------------------------------------------------
  0:00 InitGame:
  0:00 ------------------------------------------------------------
  0:00 InitGame:
  0:00 ------------------------------------------------------------
  0:00 InitGame:
  0:00 ------------------------------------------------------------
  0:00 InitGame:
  0:00 ------------------------------------------------------------
  0:00 InitGame:
  2:11 J;1719429;0;[hi:)]kjuuki
  3:01 Q;1719429;0;[hi:)]kjuuki
  0:00 ------------------------------------------------------------
  0:00 InitGame:
101:26 J;1719429;0;[hi:)]kjuuki
102:41 ExitLevel: executed
102:41 ShutdownGame:
102:41 ------------------------------------------------------------
  0:00 ------------------------------------------------------------
  0:00 InitGame:
102:47 J;1719429;0;[hi:)]kjuuki
102:51 Q;1719429;0;[hi:)]kjuuki
  0:00 ------------------------------------------------------------
  0:00 InitGame:
  0:00 ------------------------------------------------------------
  0:00 InitGame:
  2:30 J;1719429;0;[hi:)]kjuuki
  3:15 ExitLevel: executed
  3:15 ShutdownGame:
  3:15 ------------------------------------------------------------
  0:00 ------------------------------------------------------------
  0:00 InitGame:
  3:21 J;1719429;0;[hi:)]kjuuki
  3:59 ExitLevel: executed
  3:59 ShutdownGame:
  3:59 ------------------------------------------------------------
  0:00 ------------------------------------------------------------
  0:00 InitGame:
  4:05 J;1719429;0;[hi:)]kjuuki
  9:05 Q;1719429;0;[hi:)]kjuuki
  0:00 ------------------------------------------------------------
  0:00 InitGame:
  1:50 J;1719429;0;[hi:)]kjuuki
  2:24 ExitLevel: executed
  2:24 ShutdownGame:
  2:24 ------------------------------------------------------------
  0:00 ------------------------------------------------------------
  0:00 InitGame:
  2:30 J;1719429;0;[hi:)]kjuuki
  3:10 ExitLevel: executed
  3:10 ShutdownGame:
  3:10 ------------------------------------------------------------
  0:00 ------------------------------------------------------------
  0:00 InitGame:
  3:16 J;1719429;0;[hi:)]kjuuki
  3:51 ExitLevel: executed
  3:51 ShutdownGame:
  3:51 ------------------------------------------------------------
  0:00 ------------------------------------------------------------
  0:00 InitGame:
  3:57 J;1719429;0;[hi:)]kjuuki
  4:18 Q;1719429;0;[hi:)]kjuuki
  0:00 ------------------------------------------------------------
  0:00 InitGame:
